2017-10-27 11:28:08.874  INFO 11460 --- [main] com.single.myblog.Application            : Starting Application on PC-201606032119 with PID 11460 (E:\workspace\myblog\target\classes started by Administrator in E:\workspace\myblog)
2017-10-27 11:28:08.877  INFO 11460 --- [main] com.single.myblog.Application            : No active profile set, falling back to default profiles: default
2017-10-27 11:28:08.972  INFO 11460 --- [main] ConfigServletWebServerApplicationContext : Refreshing org.springframework.boot.web.servlet.context.AnnotationConfigServletWebServerApplicationContext@1afd44cb: startup date [Fri Oct 27 11:28:08 CST 2017]; root of context hierarchy
2017-10-27 11:28:11.394  INFO 11460 --- [main] o.s.b.w.embedded.tomcat.TomcatWebServer  : Tomcat initialized with port(s): 8080 (http)
2017-10-27 11:28:11.411  INFO 11460 --- [main] o.apache.catalina.core.StandardService   : Starting service [Tomcat]
2017-10-27 11:28:11.412  INFO 11460 --- [main] org.apache.catalina.core.StandardEngine  : Starting Servlet Engine: Apache Tomcat/8.5.23
2017-10-27 11:28:11.640  INFO 11460 --- [localhost-startStop-1] o.a.c.c.C.[Tomcat].[localhost].[/]       : Initializing Spring embedded WebApplicationContext
2017-10-27 11:28:11.640  INFO 11460 --- [localhost-startStop-1] o.s.web.context.ContextLoader            : Root WebApplicationContext: initialization completed in 2668 ms
2017-10-27 11:28:12.003  INFO 11460 --- [localhost-startStop-1] o.s.b.w.servlet.ServletRegistrationBean  : Mapping servlet: 'dispatcherServlet' to [/]
2017-10-27 11:28:12.012  INFO 11460 --- [localhost-startStop-1] o.s.b.w.servlet.FilterRegistrationBean   : Mapping filter: 'characterEncodingFilter' to: [/*]
2017-10-27 11:28:12.015  INFO 11460 --- [localhost-startStop-1] o.s.b.w.servlet.FilterRegistrationBean   : Mapping filter: 'hiddenHttpMethodFilter' to: [/*]
2017-10-27 11:28:12.015  INFO 11460 --- [localhost-startStop-1] o.s.b.w.servlet.FilterRegistrationBean   : Mapping filter: 'httpPutFormContentFilter' to: [/*]
2017-10-27 11:28:12.016  INFO 11460 --- [localhost-startStop-1] o.s.b.w.servlet.FilterRegistrationBean   : Mapping filter: 'requestContextFilter' to: [/*]
2017-10-27 11:28:12.017  INFO 11460 --- [localhost-startStop-1] o.s.b.w.servlet.FilterRegistrationBean   : Mapping filter: 'myFilter' to urls: [/*]
2017-10-27 11:28:12.591  INFO 11460 --- [main] s.w.s.m.m.a.RequestMappingHandlerAdapter : Looking for @ControllerAdvice: org.springframework.boot.web.servlet.context.AnnotationConfigServletWebServerApplicationContext@1afd44cb: startup date [Fri Oct 27 11:28:08 CST 2017]; root of context hierarchy
2017-10-27 11:28:12.714  INFO 11460 --- [main] s.w.s.m.m.a.RequestMappingHandlerMapping : Mapped "{[/json]}" onto public java.util.Map<java.lang.String, java.lang.Object> com.single.myblog.web.HelloController.json()
2017-10-27 11:28:12.717  INFO 11460 --- [main] s.w.s.m.m.a.RequestMappingHandlerMapping : Mapped "{[/hello]}" onto public java.lang.String com.single.myblog.web.HelloController.hello()
2017-10-27 11:28:12.727  INFO 11460 --- [main] s.w.s.m.m.a.RequestMappingHandlerMapping : Mapped "{[/error]}" onto public org.springframework.http.ResponseEntity<java.util.Map<java.lang.String, java.lang.Object>> org.springframework.boot.autoconfigure.web.servlet.error.BasicErrorController.error(javax.servlet.http.HttpServletRequest)
2017-10-27 11:28:12.729  INFO 11460 --- [main] s.w.s.m.m.a.RequestMappingHandlerMapping : Mapped "{[/error],produces=[text/html]}" onto public org.springframework.web.servlet.ModelAndView org.springframework.boot.autoconfigure.web.servlet.error.BasicErrorController.errorHtml(javax.servlet.http.HttpServletRequest,javax.servlet.http.HttpServletResponse)
2017-10-27 11:28:12.773  INFO 11460 --- [main] o.s.w.s.handler.SimpleUrlHandlerMapping  : Mapped URL path [/webjars/**] onto handler of type [class org.springframework.web.servlet.resource.ResourceHttpRequestHandler]
2017-10-27 11:28:12.773  INFO 11460 --- [main] o.s.w.s.handler.SimpleUrlHandlerMapping  : Mapped URL path [/**] onto handler of type [class org.springframework.web.servlet.resource.ResourceHttpRequestHandler]
2017-10-27 11:28:12.848  INFO 11460 --- [main] o.s.w.s.handler.SimpleUrlHandlerMapping  : Mapped URL path [/**/favicon.ico] onto handler of type [class org.springframework.web.servlet.resource.ResourceHttpRequestHandler]
2017-10-27 11:28:13.171  INFO 11460 --- [main] o.s.j.e.a.AnnotationMBeanExporter        : Registering beans for JMX exposure on startup
2017-10-27 11:28:13.259  INFO 11460 --- [main] o.s.b.w.embedded.tomcat.TomcatWebServer  : Tomcat started on port(s): 8080 (http)
2017-10-27 11:28:13.267  INFO 11460 --- [main] com.single.myblog.Application            : Started Application in 4.897 seconds (JVM running for 5.917)
